# JRE version: Java(TM) SE Runtime Environment (7.0_71-b14) (build 1.7.0_71-b14)
# Java VM: Java HotSpot(TM) 64-Bit Server VM (24.71-b01 mixed mode windows-amd64 compressed oops)
Heap
 PSYoungGen      total 229376K, used 79608K [0x00000000eaa80000, 0x0000000100000000, 0x0000000100000000)
  eden space 208384K, 28% used [0x00000000eaa80000,0x00000000ee3c3840,0x00000000f7600000)
  from space 20992K, 99% used [0x00000000f7600000,0x00000000f8a7aa80,0x00000000f8a80000)
  to   space 24064K, 0% used [0x00000000fe880000,0x00000000fe880000,0x0000000100000000)
 ParOldGen       total 86528K, used 35020K [0x00000000c0000000, 0x00000000c5480000, 0x00000000eaa80000)
  object space 86528K, 40% used [0x00000000c0000000,0x00000000c2233398,0x00000000c5480000)
 PSPermGen       total 78336K, used 49458K [0x00000000b0000000, 0x00000000b4c80000, 0x00000000c0000000)
  object space 78336K, 63% used [0x00000000b0000000,0x00000000b304cac8,0x00000000b4c80000)
GC Heap History (10 events):
Event: 6.482 GC heap before
{Heap before GC invocations=8 (full 0):
 PSYoungGen      total 75776K, used 74464K [0x00000000eaa80000, 0x00000000f3f80000, 0x0000000100000000)
  eden space 66560K, 100% used [0x00000000eaa80000,0x00000000eeb80000,0x00000000eeb80000)
  from space 9216K, 85% used [0x00000000eeb80000,0x00000000ef3381a8,0x00000000ef480000)
  to   space 9728K, 0% used [0x00000000f3600000,0x00000000f3600000,0x00000000f3f80000)
 ParOldGen       total 86528K, used 11494K [0x00000000c0000000, 0x00000000c5480000, 0x00000000eaa80000)
  object space 86528K, 13% used [0x00000000c0000000,0x00000000c0b399b8,0x00000000c5480000)
 PSPermGen       total 28672K, used 28368K [0x00000000b0000000, 0x00000000b1c00000, 0x00000000c0000000)
  object space 28672K, 98% used [0x00000000b0000000,0x00000000b1bb4040,0x00000000b1c00000)
Event: 6.493 GC heap after
Heap after GC invocations=8 (full 0):
 PSYoungGen      total 142336K, used 9120K [0x00000000eaa80000, 0x00000000f4080000, 0x0000000100000000)
  eden space 132608K, 0% used [0x00000000eaa80000,0x00000000eaa80000,0x00000000f2c00000)
  from space 9728K, 93% used [0x00000000f3600000,0x00000000f3ee82f0,0x00000000f3f80000)
  to   space 10240K, 0% used [0x00000000f2c00000,0x00000000f2c00000,0x00000000f3600000)
 ParOldGen       total 86528K, used 13202K [0x00000000c0000000, 0x00000000c5480000, 0x00000000eaa80000)
  object space 86528K, 15% used [0x00000000c0000000,0x00000000c0ce48a0,0x00000000c5480000)
 PSPermGen       total 28672K, used 28368K [0x00000000b0000000, 0x00000000b1c00000, 0x00000000c0000000)
  object space 28672K, 98% used [0x00000000b0000000,0x00000000b1bb4040,0x00000000b1c00000)
}
Event: 8.594 GC heap before
{Heap before GC invocations=9 (full 0):
 PSYoungGen      total 142336K, used 141728K [0x00000000eaa80000, 0x00000000f4080000, 0x0000000100000000)
  eden space 132608K, 100% used [0x00000000eaa80000,0x00000000f2c00000,0x00000000f2c00000)
  from space 9728K, 93% used [0x00000000f3600000,0x00000000f3ee82f0,0x00000000f3f80000)
  to   space 10240K, 0% used [0x00000000f2c00000,0x00000000f2c00000,0x00000000f3600000)
 ParOldGen       total 86528K, used 13202K [0x00000000c0000000, 0x00000000c5480000, 0x00000000eaa80000)
  object space 86528K, 15% used [0x00000000c0000000,0x00000000c0ce48a0,0x00000000c5480000)
 PSPermGen       total 35328K, used 35174K [0x00000000b0000000, 0x00000000b2280000, 0x00000000c0000000)
  object space 35328K, 99% used [0x00000000b0000000,0x00000000b22598a0,0x00000000b2280000)
Event: 8.617 GC heap after
Heap after GC invocations=9 (full 0):
 PSYoungGen      total 142848K, used 10228K [0x00000000eaa80000, 0x00000000f9b00000, 0x0000000100000000)
  eden space 132608K, 0% used [0x00000000eaa80000,0x00000000eaa80000,0x00000000f2c00000)
  from space 10240K, 99% used [0x00000000f2c00000,0x00000000f35fd010,0x00000000f3600000)
  to   space 16896K, 0% used [0x00000000f8a80000,0x00000000f8a80000,0x00000000f9b00000)
 ParOldGen       total 86528K, used 27295K [0x00000000c0000000, 0x00000000c5480000, 0x00000000eaa80000)
  object space 86528K, 31% used [0x00000000c0000000,0x00000000c1aa7e18,0x00000000c5480000)
 PSPermGen       total 35328K, used 35174K [0x00000000b0000000, 0x00000000b2280000, 0x00000000c0000000)
  object space 35328K, 99% used [0x00000000b0000000,0x00000000b22598a0,0x00000000b2280000)
}
Event: 10.245 GC heap before
{Heap before GC invocations=10 (full 0):
 PSYoungGen      total 142848K, used 98923K [0x00000000eaa80000, 0x00000000f9b00000, 0x0000000100000000)
  eden space 132608K, 66% used [0x00000000eaa80000,0x00000000f011deb8,0x00000000f2c00000)
  from space 10240K, 99% used [0x00000000f2c00000,0x00000000f35fd010,0x00000000f3600000)
  to   space 16896K, 0% used [0x00000000f8a80000,0x00000000f8a80000,0x00000000f9b00000)
 ParOldGen       total 86528K, used 27295K [0x00000000c0000000, 0x00000000c5480000, 0x00000000eaa80000)
  object space 86528K, 31% used [0x00000000c0000000,0x00000000c1aa7e18,0x00000000c5480000)
 PSPermGen       total 39424K, used 39015K [0x00000000b0000000, 0x00000000b2680000, 0x00000000c0000000)
  object space 39424K, 98% used [0x00000000b0000000,0x00000000b2619e50,0x00000000b2680000)
Event: 10.268 GC heap after
Heap after GC invocations=10 (full 0):
 PSYoungGen      total 225280K, used 16879K [0x00000000eaa80000, 0x00000000fa300000, 0x0000000100000000)
  eden space 208384K, 0% used [0x00000000eaa80000,0x00000000eaa80000,0x00000000f7600000)
  from space 16896K, 99% used [0x00000000f8a80000,0x00000000f9afbec0,0x00000000f9b00000)
  to   space 20992K, 0% used [0x00000000f7600000,0x00000000f7600000,0x00000000f8a80000)
 ParOldGen       total 86528K, used 31425K [0x00000000c0000000, 0x00000000c5480000, 0x00000000eaa80000)
  object space 86528K, 36% used [0x00000000c0000000,0x00000000c1eb04f0,0x00000000c5480000)
 PSPermGen       total 39424K, used 39015K [0x00000000b0000000, 0x00000000b2680000, 0x00000000c0000000)
  object space 39424K, 98% used [0x00000000b0000000,0x00000000b2619e50,0x00000000b2680000)
}
Event: 10.268 GC heap before
{Heap before GC invocations=11 (full 1):
 PSYoungGen      total 225280K, used 16879K [0x00000000eaa80000, 0x00000000fa300000, 0x0000000100000000)
  eden space 208384K, 0% used [0x00000000eaa80000,0x00000000eaa80000,0x00000000f7600000)
  from space 16896K, 99% used [0x00000000f8a80000,0x00000000f9afbec0,0x00000000f9b00000)
  to   space 20992K, 0% used [0x00000000f7600000,0x00000000f7600000,0x00000000f8a80000)
 ParOldGen       total 86528K, used 31425K [0x00000000c0000000, 0x00000000c5480000, 0x00000000eaa80000)
  object space 86528K, 36% used [0x00000000c0000000,0x00000000c1eb04f0,0x00000000c5480000)
 PSPermGen       total 39424K, used 39015K [0x00000000b0000000, 0x00000000b2680000, 0x00000000c0000000)
  object space 39424K, 98% used [0x00000000b0000000,0x00000000b2619e50,0x00000000b2680000)
Event: 10.545 GC heap after
Heap after GC invocations=11 (full 1):
 PSYoungGen      total 225280K, used 0K [0x00000000eaa80000, 0x00000000fa300000, 0x0000000100000000)
  eden space 208384K, 0% used [0x00000000eaa80000,0x00000000eaa80000,0x00000000f7600000)
  from space 16896K, 0% used [0x00000000f8a80000,0x00000000f8a80000,0x00000000f9b00000)
  to   space 20992K, 0% used [0x00000000f7600000,0x00000000f7600000,0x00000000f8a80000)
 ParOldGen       total 86528K, used 34452K [0x00000000c0000000, 0x00000000c5480000, 0x00000000eaa80000)
  object space 86528K, 39% used [0x00000000c0000000,0x00000000c21a51a8,0x00000000c5480000)
 PSPermGen       total 78336K, used 38961K [0x00000000b0000000, 0x00000000b4c80000, 0x00000000c0000000)
  object space 78336K, 49% used [0x00000000b0000000,0x00000000b260c6e0,0x00000000b4c80000)
}
Event: 15.884 GC heap before
{Heap before GC invocations=12 (full 1):
 PSYoungGen      total 225280K, used 208384K [0x00000000eaa80000, 0x00000000fa300000, 0x0000000100000000)
  eden space 208384K, 100% used [0x00000000eaa80000,0x00000000f7600000,0x00000000f7600000)
  from space 16896K, 0% used [0x00000000f8a80000,0x00000000f8a80000,0x00000000f9b00000)
  to   space 20992K, 0% used [0x00000000f7600000,0x00000000f7600000,0x00000000f8a80000)
 ParOldGen       total 86528K, used 34452K [0x00000000c0000000, 0x00000000c5480000, 0x00000000eaa80000)
  object space 86528K, 39% used [0x00000000c0000000,0x00000000c21a51a8,0x00000000c5480000)
 PSPermGen       total 78336K, used 47056K [0x00000000b0000000, 0x00000000b4c80000, 0x00000000c0000000)
  object space 78336K, 60% used [0x00000000b0000000,0x00000000b2df4310,0x00000000b4c80000)
Event: 15.901 GC heap after
Heap after GC invocations=12 (full 1):
 PSYoungGen      total 229376K, used 20970K [0x00000000eaa80000, 0x0000000100000000, 0x0000000100000000)
  eden space 208384K, 0% used [0x00000000eaa80000,0x00000000eaa80000,0x00000000f7600000)
  from space 20992K, 99% used [0x00000000f7600000,0x00000000f8a7aa80,0x00000000f8a80000)
  to   space 24064K, 0% used [0x00000000fe880000,0x00000000fe880000,0x0000000100000000)
 ParOldGen       total 86528K, used 35020K [0x00000000c0000000, 0x00000000c5480000, 0x00000000eaa80000)
  object space 86528K, 40% used [0x00000000c0000000,0x00000000c2233398,0x00000000c5480000)
 PSPermGen       total 78336K, used 47056K [0x00000000b0000000, 0x00000000b4c80000, 0x00000000c0000000)
  object space 78336K, 60% used [0x00000000b0000000,0x00000000b2df4310,0x00000000b4c80000)
}

