# JRE version: Java(TM) SE Runtime Environment (7.0_71-b14) (build 1.7.0_71-b14)
# Java VM: Java HotSpot(TM) 64-Bit Server VM (24.71-b01 mixed mode windows-amd64 compressed oops)
Heap
 PSYoungGen      total 321536K, used 34352K [0x00000000eaa80000, 0x0000000100000000, 0x0000000100000000)
  eden space 298496K, 4% used [0x00000000eaa80000,0x00000000eb772e88,0x00000000fce00000)
  from space 23040K, 91% used [0x00000000fe980000,0x00000000ffe19490,0x0000000100000000)
  to   space 25600K, 0% used [0x00000000fce00000,0x00000000fce00000,0x00000000fe700000)
 ParOldGen       total 86528K, used 52653K [0x00000000c0000000, 0x00000000c5480000, 0x00000000eaa80000)
  object space 86528K, 60% used [0x00000000c0000000,0x00000000c336b640,0x00000000c5480000)
 PSPermGen       total 78336K, used 54864K [0x00000000b0000000, 0x00000000b4c80000, 0x00000000c0000000)
  object space 78336K, 70% used [0x00000000b0000000,0x00000000b3594010,0x00000000b4c80000)
GC Heap History (10 events):
Event: 53.253 GC heap before
{Heap before GC invocations=9 (full 0):
 PSYoungGen      total 142336K, used 141212K [0x00000000eaa80000, 0x00000000f4080000, 0x0000000100000000)
  eden space 132608K, 100% used [0x00000000eaa80000,0x00000000f2c00000,0x00000000f2c00000)
  from space 9728K, 88% used [0x00000000f3600000,0x00000000f3e67048,0x00000000f3f80000)
  to   space 10240K, 0% used [0x00000000f2c00000,0x00000000f2c00000,0x00000000f3600000)
 ParOldGen       total 86528K, used 13283K [0x00000000c0000000, 0x00000000c5480000, 0x00000000eaa80000)
  object space 86528K, 15% used [0x00000000c0000000,0x00000000c0cf8ef0,0x00000000c5480000)
 PSPermGen       total 35328K, used 35098K [0x00000000b0000000, 0x00000000b2280000, 0x00000000c0000000)
  object space 35328K, 99% used [0x00000000b0000000,0x00000000b2246848,0x00000000b2280000)
Event: 53.280 GC heap after
Heap after GC invocations=9 (full 0):
 PSYoungGen      total 142848K, used 10228K [0x00000000eaa80000, 0x00000000f9b00000, 0x0000000100000000)
  eden space 132608K, 0% used [0x00000000eaa80000,0x00000000eaa80000,0x00000000f2c00000)
  from space 10240K, 99% used [0x00000000f2c00000,0x00000000f35fd010,0x00000000f3600000)
  to   space 16896K, 0% used [0x00000000f8a80000,0x00000000f8a80000,0x00000000f9b00000)
 ParOldGen       total 86528K, used 27570K [0x00000000c0000000, 0x00000000c5480000, 0x00000000eaa80000)
  object space 86528K, 31% used [0x00000000c0000000,0x00000000c1aec9b0,0x00000000c5480000)
 PSPermGen       total 35328K, used 35098K [0x00000000b0000000, 0x00000000b2280000, 0x00000000c0000000)
  object space 35328K, 99% used [0x00000000b0000000,0x00000000b2246848,0x00000000b2280000)
}
Event: 55.082 GC heap before
{Heap before GC invocations=10 (full 0):
 PSYoungGen      total 142848K, used 96466K [0x00000000eaa80000, 0x00000000f9b00000, 0x0000000100000000)
  eden space 132608K, 65% used [0x00000000eaa80000,0x00000000efeb7b48,0x00000000f2c00000)
  from space 10240K, 99% used [0x00000000f2c00000,0x00000000f35fd010,0x00000000f3600000)
  to   space 16896K, 0% used [0x00000000f8a80000,0x00000000f8a80000,0x00000000f9b00000)
 ParOldGen       total 86528K, used 27570K [0x00000000c0000000, 0x00000000c5480000, 0x00000000eaa80000)
  object space 86528K, 31% used [0x00000000c0000000,0x00000000c1aec9b0,0x00000000c5480000)
 PSPermGen       total 39424K, used 38942K [0x00000000b0000000, 0x00000000b2680000, 0x00000000c0000000)
  object space 39424K, 98% used [0x00000000b0000000,0x00000000b2607af0,0x00000000b2680000)
Event: 55.110 GC heap after
Heap after GC invocations=10 (full 0):
 PSYoungGen      total 225280K, used 16887K [0x00000000eaa80000, 0x00000000fa300000, 0x0000000100000000)
  eden space 208384K, 0% used [0x00000000eaa80000,0x00000000eaa80000,0x00000000f7600000)
  from space 16896K, 99% used [0x00000000f8a80000,0x00000000f9afddc0,0x00000000f9b00000)
  to   space 20992K, 0% used [0x00000000f7600000,0x00000000f7600000,0x00000000f8a80000)
 ParOldGen       total 86528K, used 31695K [0x00000000c0000000, 0x00000000c5480000, 0x00000000eaa80000)
  object space 86528K, 36% used [0x00000000c0000000,0x00000000c1ef3f78,0x00000000c5480000)
 PSPermGen       total 39424K, used 38942K [0x00000000b0000000, 0x00000000b2680000, 0x00000000c0000000)
  object space 39424K, 98% used [0x00000000b0000000,0x00000000b2607af0,0x00000000b2680000)
}
Event: 55.110 GC heap before
{Heap before GC invocations=11 (full 1):
 PSYoungGen      total 225280K, used 16887K [0x00000000eaa80000, 0x00000000fa300000, 0x0000000100000000)
  eden space 208384K, 0% used [0x00000000eaa80000,0x00000000eaa80000,0x00000000f7600000)
  from space 16896K, 99% used [0x00000000f8a80000,0x00000000f9afddc0,0x00000000f9b00000)
  to   space 20992K, 0% used [0x00000000f7600000,0x00000000f7600000,0x00000000f8a80000)
 ParOldGen       total 86528K, used 31695K [0x00000000c0000000, 0x00000000c5480000, 0x00000000eaa80000)
  object space 86528K, 36% used [0x00000000c0000000,0x00000000c1ef3f78,0x00000000c5480000)
 PSPermGen       total 39424K, used 38942K [0x00000000b0000000, 0x00000000b2680000, 0x00000000c0000000)
  object space 39424K, 98% used [0x00000000b0000000,0x00000000b2607af0,0x00000000b2680000)
Event: 55.555 GC heap after
Heap after GC invocations=11 (full 1):
 PSYoungGen      total 225280K, used 0K [0x00000000eaa80000, 0x00000000fa300000, 0x0000000100000000)
  eden space 208384K, 0% used [0x00000000eaa80000,0x00000000eaa80000,0x00000000f7600000)
  from space 16896K, 0% used [0x00000000f8a80000,0x00000000f8a80000,0x00000000f9b00000)
  to   space 20992K, 0% used [0x00000000f7600000,0x00000000f7600000,0x00000000f8a80000)
 ParOldGen       total 86528K, used 38640K [0x00000000c0000000, 0x00000000c5480000, 0x00000000eaa80000)
  object space 86528K, 44% used [0x00000000c0000000,0x00000000c25bc1e8,0x00000000c5480000)
 PSPermGen       total 78336K, used 38889K [0x00000000b0000000, 0x00000000b4c80000, 0x00000000c0000000)
  object space 78336K, 49% used [0x00000000b0000000,0x00000000b25fa580,0x00000000b4c80000)
}
Event: 60.138 GC heap before
{Heap before GC invocations=12 (full 1):
 PSYoungGen      total 225280K, used 208384K [0x00000000eaa80000, 0x00000000fa300000, 0x0000000100000000)
  eden space 208384K, 100% used [0x00000000eaa80000,0x00000000f7600000,0x00000000f7600000)
  from space 16896K, 0% used [0x00000000f8a80000,0x00000000f8a80000,0x00000000f9b00000)
  to   space 20992K, 0% used [0x00000000f7600000,0x00000000f7600000,0x00000000f8a80000)
 ParOldGen       total 86528K, used 38640K [0x00000000c0000000, 0x00000000c5480000, 0x00000000eaa80000)
  object space 86528K, 44% used [0x00000000c0000000,0x00000000c25bc1e8,0x00000000c5480000)
 PSPermGen       total 78336K, used 45787K [0x00000000b0000000, 0x00000000b4c80000, 0x00000000c0000000)
  object space 78336K, 58% used [0x00000000b0000000,0x00000000b2cb6f40,0x00000000b4c80000)
Event: 60.162 GC heap after
Heap after GC invocations=12 (full 1):
 PSYoungGen      total 229376K, used 19332K [0x00000000eaa80000, 0x0000000100000000, 0x0000000100000000)
  eden space 208384K, 0% used [0x00000000eaa80000,0x00000000eaa80000,0x00000000f7600000)
  from space 20992K, 92% used [0x00000000f7600000,0x00000000f88e12b8,0x00000000f8a80000)
  to   space 23040K, 0% used [0x00000000fe980000,0x00000000fe980000,0x0000000100000000)
 ParOldGen       total 86528K, used 38640K [0x00000000c0000000, 0x00000000c5480000, 0x00000000eaa80000)
  object space 86528K, 44% used [0x00000000c0000000,0x00000000c25bc1e8,0x00000000c5480000)
 PSPermGen       total 78336K, used 45787K [0x00000000b0000000, 0x00000000b4c80000, 0x00000000c0000000)
  object space 78336K, 58% used [0x00000000b0000000,0x00000000b2cb6f40,0x00000000b4c80000)
}
Event: 65.782 GC heap before
{Heap before GC invocations=13 (full 1):
 PSYoungGen      total 229376K, used 227716K [0x00000000eaa80000, 0x0000000100000000, 0x0000000100000000)
  eden space 208384K, 100% used [0x00000000eaa80000,0x00000000f7600000,0x00000000f7600000)
  from space 20992K, 92% used [0x00000000f7600000,0x00000000f88e12b8,0x00000000f8a80000)
  to   space 23040K, 0% used [0x00000000fe980000,0x00000000fe980000,0x0000000100000000)
 ParOldGen       total 86528K, used 38640K [0x00000000c0000000, 0x00000000c5480000, 0x00000000eaa80000)
  object space 86528K, 44% used [0x00000000c0000000,0x00000000c25bc1e8,0x00000000c5480000)
 PSPermGen       total 78336K, used 53817K [0x00000000b0000000, 0x00000000b4c80000, 0x00000000c0000000)
  object space 78336K, 68% used [0x00000000b0000000,0x00000000b348e600,0x00000000b4c80000)
Event: 65.816 GC heap after
Heap after GC invocations=13 (full 1):
 PSYoungGen      total 321536K, used 21093K [0x00000000eaa80000, 0x0000000100000000, 0x0000000100000000)
  eden space 298496K, 0% used [0x00000000eaa80000,0x00000000eaa80000,0x00000000fce00000)
  from space 23040K, 91% used [0x00000000fe980000,0x00000000ffe19490,0x0000000100000000)
  to   space 25600K, 0% used [0x00000000fce00000,0x00000000fce00000,0x00000000fe700000)
 ParOldGen       total 86528K, used 52653K [0x00000000c0000000, 0x00000000c5480000, 0x00000000eaa80000)
  object space 86528K, 60% used [0x00000000c0000000,0x00000000c336b640,0x00000000c5480000)
 PSPermGen       total 78336K, used 53817K [0x00000000b0000000, 0x00000000b4c80000, 0x00000000c0000000)
  object space 78336K, 68% used [0x00000000b0000000,0x00000000b348e600,0x00000000b4c80000)
}

